<?xml version="1.0" encoding="UTF-8"?>
<!-- Generated by org.testng.reporters.JUnitReportReporter -->
<testsuite skipped="0" hostname="laitkor-QA" name="AME.TheFinancialStatements" tests="1" failures="0" timestamp="14 Dec 2017 10:13:11 GMT" time="551.892" errors="0">
  <testcase name="main" time="551.892" classname="AME.TheFinancialStatements"/>
</testsuite> <!-- AME.TheFinancialStatements -->
